__tests__/lib/transaction-provider.test.tsx(30,1): error TS1128: Declaration or statement expected.
__tests__/lib/transaction-provider.test.tsx(30,2): error TS1128: Declaration or statement expected.
__tests__/lib/transaction-provider.test.tsx(30,4): error TS1109: Expression expected.
